Determining if the system is big endian passed with the following output:
Change Dir: /home/aaron/cellmate/ocv_binaries/CMakeFiles/CMakeTmp

Run Build Command:/usr/bin/make "cmTryCompileExec4207199864/fast"
/usr/bin/make -f CMakeFiles/cmTryCompileExec4207199864.dir/build.make CMakeFiles/cmTryCompileExec4207199864.dir/build
make[1]: Entering directory `/home/aaron/cellmate/ocv_binaries/CMakeFiles/CMakeTmp'
/usr/bin/cmake -E cmake_progress_report /home/aaron/cellmate/ocv_binaries/CMakeFiles/CMakeTmp/CMakeFiles 1
Building C object CMakeFiles/cmTryCompileExec4207199864.dir/TestEndianess.c.o
/usr/bin/cc   -fsigned-char -W -Wall -Werror=return-type -Werror=non-virtual-dtor -Werror=address -Werror=sequence-point -Wformat -Werror=format-security -Wmissing-declarations -Wmissing-prototypes -Wstrict-prototypes -Wundef -Winit-self -Wpointer-arith -Wshadow -Wno-narrowing -fdiagnostics-show-option -Wno-long-long -pthread -fomit-frame-pointer -msse -msse2 -msse3 -ffunction-sections -fvisibility=hidden   -O3 -DNDEBUG   -o CMakeFiles/cmTryCompileExec4207199864.dir/TestEndianess.c.o   -c /home/aaron/cellmate/ocv_binaries/CMakeFiles/CMakeTmp/TestEndianess.c
Linking C executable cmTryCompileExec4207199864
/usr/bin/cmake -E cmake_link_script CMakeFiles/cmTryCompileExec4207199864.dir/link.txt --verbose=1
/usr/bin/cc      -fsigned-char -W -Wall -Werror=return-type -Werror=non-virtual-dtor -Werror=address -Werror=sequence-point -Wformat -Werror=format-security -Wmissing-declarations -Wmissing-prototypes -Wstrict-prototypes -Wundef -Winit-self -Wpointer-arith -Wshadow -Wno-narrowing -fdiagnostics-show-option -Wno-long-long -pthread -fomit-frame-pointer -msse -msse2 -msse3 -ffunction-sections -fvisibility=hidden   -O3 -DNDEBUG    CMakeFiles/cmTryCompileExec4207199864.dir/TestEndianess.c.o  -o cmTryCompileExec4207199864 -rdynamic 
make[1]: Leaving directory `/home/aaron/cellmate/ocv_binaries/CMakeFiles/CMakeTmp'

TestEndianess.c:
/* A 16 bit integer is required. */
typedef unsigned short cmakeint16;

/* On a little endian machine, these 16bit ints will give "THIS IS LITTLE ENDIAN."
   On a big endian machine the characters will be exchanged pairwise. */
const cmakeint16 info_little[] =  {0x4854, 0x5349, 0x4920, 0x2053, 0x494c, 0x5454, 0x454c, 0x4520, 0x444e, 0x4149, 0x2e4e, 0x0000};

/* on a big endian machine, these 16bit ints will give "THIS IS BIG ENDIAN."
   On a little endian machine the characters will be exchanged pairwise. */
const cmakeint16 info_big[] =     {0x5448, 0x4953, 0x2049, 0x5320, 0x4249, 0x4720, 0x454e, 0x4449, 0x414e, 0x2e2e, 0x0000};

#ifdef __CLASSIC_C__
int main(argc, argv) int argc; char *argv[];
#else
int main(int argc, char *argv[])
#endif
{
  int require = 0;
  require += info_little[argc];
  require += info_big[argc];
  (void)argv;
  return require;
}


Determining if the include file io.h exists failed with the following output:
Change Dir: /home/aaron/cellmate/ocv_binaries/CMakeFiles/CMakeTmp

Run Build Command:/usr/bin/make "cmTryCompileExec2412978487/fast"
/usr/bin/make -f CMakeFiles/cmTryCompileExec2412978487.dir/build.make CMakeFiles/cmTryCompileExec2412978487.dir/build
make[1]: Entering directory `/home/aaron/cellmate/ocv_binaries/CMakeFiles/CMakeTmp'
/usr/bin/cmake -E cmake_progress_report /home/aaron/cellmate/ocv_binaries/CMakeFiles/CMakeTmp/CMakeFiles 1
Building C object CMakeFiles/cmTryCompileExec2412978487.dir/CheckIncludeFile.c.o
/usr/bin/cc   -fsigned-char -W -Wall -Werror=return-type -Werror=non-virtual-dtor -Werror=address -Werror=sequence-point -Wformat -Werror=format-security -Wmissing-declarations -Wmissing-prototypes -Wstrict-prototypes -Wundef -Winit-self -Wpointer-arith -Wshadow -Wno-narrowing -fdiagnostics-show-option -Wno-long-long -pthread -fomit-frame-pointer -msse -msse2 -msse3 -ffunction-sections -fvisibility=hidden   -O3 -DNDEBUG   -o CMakeFiles/cmTryCompileExec2412978487.dir/CheckIncludeFile.c.o   -c /home/aaron/cellmate/ocv_binaries/CMakeFiles/CMakeTmp/CheckIncludeFile.c
/home/aaron/cellmate/ocv_binaries/CMakeFiles/CMakeTmp/CheckIncludeFile.c:1:16: fatal error: io.h: No such file or directory
 #include <io.h>
                ^
compilation terminated.
make[1]: *** [CMakeFiles/cmTryCompileExec2412978487.dir/CheckIncludeFile.c.o] Error 1
make[1]: Leaving directory `/home/aaron/cellmate/ocv_binaries/CMakeFiles/CMakeTmp'
make: *** [cmTryCompileExec2412978487/fast] Error 2


Determining if the function jbg_newlen exists failed with the following output:
Change Dir: /home/aaron/cellmate/ocv_binaries/CMakeFiles/CMakeTmp

Run Build Command:/usr/bin/make "cmTryCompileExec3888404518/fast"
/usr/bin/make -f CMakeFiles/cmTryCompileExec3888404518.dir/build.make CMakeFiles/cmTryCompileExec3888404518.dir/build
make[1]: Entering directory `/home/aaron/cellmate/ocv_binaries/CMakeFiles/CMakeTmp'
/usr/bin/cmake -E cmake_progress_report /home/aaron/cellmate/ocv_binaries/CMakeFiles/CMakeTmp/CMakeFiles 1
Building C object CMakeFiles/cmTryCompileExec3888404518.dir/CheckFunctionExists.c.o
/usr/bin/cc   -fsigned-char -W -Wall -Werror=return-type -Werror=non-virtual-dtor -Werror=address -Werror=sequence-point -Wformat -Werror=format-security -Wmissing-declarations -Wmissing-prototypes -Wstrict-prototypes -Wundef -Winit-self -Wpointer-arith -Wshadow -Wno-narrowing -fdiagnostics-show-option -Wno-long-long -pthread -fomit-frame-pointer -msse -msse2 -msse3 -ffunction-sections -fvisibility=hidden  -DCHECK_FUNCTION_EXISTS=jbg_newlen -O3 -DNDEBUG   -o CMakeFiles/cmTryCompileExec3888404518.dir/CheckFunctionExists.c.o   -c /usr/share/cmake-2.8/Modules/CheckFunctionExists.c
/usr/share/cmake-2.8/Modules/CheckFunctionExists.c:3:1: warning: function declaration isnâ€™t a prototype [-Wstrict-prototypes]
 char CHECK_FUNCTION_EXISTS();
 ^
Linking C executable cmTryCompileExec3888404518
/usr/bin/cmake -E cmake_link_script CMakeFiles/cmTryCompileExec3888404518.dir/link.txt --verbose=1
/usr/bin/cc      -fsigned-char -W -Wall -Werror=return-type -Werror=non-virtual-dtor -Werror=address -Werror=sequence-point -Wformat -Werror=format-security -Wmissing-declarations -Wmissing-prototypes -Wstrict-prototypes -Wundef -Winit-self -Wpointer-arith -Wshadow -Wno-narrowing -fdiagnostics-show-option -Wno-long-long -pthread -fomit-frame-pointer -msse -msse2 -msse3 -ffunction-sections -fvisibility=hidden  -DCHECK_FUNCTION_EXISTS=jbg_newlen -O3 -DNDEBUG    CMakeFiles/cmTryCompileExec3888404518.dir/CheckFunctionExists.c.o  -o cmTryCompileExec3888404518 -rdynamic 
CMakeFiles/cmTryCompileExec3888404518.dir/CheckFunctionExists.c.o: In function `main':
CheckFunctionExists.c:(.text.startup.main+0xe): undefined reference to `jbg_newlen'
collect2: error: ld returned 1 exit status
make[1]: *** [cmTryCompileExec3888404518] Error 1
make[1]: Leaving directory `/home/aaron/cellmate/ocv_binaries/CMakeFiles/CMakeTmp'
make: *** [cmTryCompileExec3888404518/fast] Error 2


Determining if the include file linux/videodev.h exists failed with the following output:
Change Dir: /home/aaron/cellmate/ocv_binaries/CMakeFiles/CMakeTmp

Run Build Command:/usr/bin/make "cmTryCompileExec1163866997/fast"
/usr/bin/make -f CMakeFiles/cmTryCompileExec1163866997.dir/build.make CMakeFiles/cmTryCompileExec1163866997.dir/build
make[1]: Entering directory `/home/aaron/cellmate/ocv_binaries/CMakeFiles/CMakeTmp'
/usr/bin/cmake -E cmake_progress_report /home/aaron/cellmate/ocv_binaries/CMakeFiles/CMakeTmp/CMakeFiles 1
Building C object CMakeFiles/cmTryCompileExec1163866997.dir/CheckIncludeFile.c.o
/usr/bin/cc   -fsigned-char -W -Wall -Werror=return-type -Werror=non-virtual-dtor -Werror=address -Werror=sequence-point -Wformat -Werror=format-security -Wmissing-declarations -Wmissing-prototypes -Wstrict-prototypes -Wundef -Winit-self -Wpointer-arith -Wshadow -Wno-narrowing -fdiagnostics-show-option -Wno-long-long -pthread -fomit-frame-pointer -msse -msse2 -msse3 -ffunction-sections -fvisibility=hidden   -O3 -DNDEBUG   -o CMakeFiles/cmTryCompileExec1163866997.dir/CheckIncludeFile.c.o   -c /home/aaron/cellmate/ocv_binaries/CMakeFiles/CMakeTmp/CheckIncludeFile.c
/home/aaron/cellmate/ocv_binaries/CMakeFiles/CMakeTmp/CheckIncludeFile.c:1:28: fatal error: linux/videodev.h: No such file or directory
 #include <linux/videodev.h>
                            ^
compilation terminated.
make[1]: *** [CMakeFiles/cmTryCompileExec1163866997.dir/CheckIncludeFile.c.o] Error 1
make[1]: Leaving directory `/home/aaron/cellmate/ocv_binaries/CMakeFiles/CMakeTmp'
make: *** [cmTryCompileExec1163866997/fast] Error 2


Determining if the include file sys/videoio.h exists failed with the following output:
Change Dir: /home/aaron/cellmate/ocv_binaries/CMakeFiles/CMakeTmp

Run Build Command:/usr/bin/make "cmTryCompileExec221526735/fast"
/usr/bin/make -f CMakeFiles/cmTryCompileExec221526735.dir/build.make CMakeFiles/cmTryCompileExec221526735.dir/build
make[1]: Entering directory `/home/aaron/cellmate/ocv_binaries/CMakeFiles/CMakeTmp'
/usr/bin/cmake -E cmake_progress_report /home/aaron/cellmate/ocv_binaries/CMakeFiles/CMakeTmp/CMakeFiles 1
Building C object CMakeFiles/cmTryCompileExec221526735.dir/CheckIncludeFile.c.o
/usr/bin/cc   -fsigned-char -W -Wall -Werror=return-type -Werror=non-virtual-dtor -Werror=address -Werror=sequence-point -Wformat -Werror=format-security -Wmissing-declarations -Wmissing-prototypes -Wstrict-prototypes -Wundef -Winit-self -Wpointer-arith -Wshadow -Wno-narrowing -fdiagnostics-show-option -Wno-long-long -pthread -fomit-frame-pointer -msse -msse2 -msse3 -ffunction-sections -fvisibility=hidden   -O3 -DNDEBUG   -o CMakeFiles/cmTryCompileExec221526735.dir/CheckIncludeFile.c.o   -c /home/aaron/cellmate/ocv_binaries/CMakeFiles/CMakeTmp/CheckIncludeFile.c
/home/aaron/cellmate/ocv_binaries/CMakeFiles/CMakeTmp/CheckIncludeFile.c:1:25: fatal error: sys/videoio.h: No such file or directory
 #include <sys/videoio.h>
                         ^
compilation terminated.
make[1]: *** [CMakeFiles/cmTryCompileExec221526735.dir/CheckIncludeFile.c.o] Error 1
make[1]: Leaving directory `/home/aaron/cellmate/ocv_binaries/CMakeFiles/CMakeTmp'
make: *** [cmTryCompileExec221526735/fast] Error 2


Determining if the include file libavformat/avformat.h exists failed with the following output:
Change Dir: /home/aaron/cellmate/ocv_binaries/CMakeFiles/CMakeTmp

Run Build Command:/usr/bin/make "cmTryCompileExec2244053665/fast"
/usr/bin/make -f CMakeFiles/cmTryCompileExec2244053665.dir/build.make CMakeFiles/cmTryCompileExec2244053665.dir/build
make[1]: Entering directory `/home/aaron/cellmate/ocv_binaries/CMakeFiles/CMakeTmp'
/usr/bin/cmake -E cmake_progress_report /home/aaron/cellmate/ocv_binaries/CMakeFiles/CMakeTmp/CMakeFiles 1
Building C object CMakeFiles/cmTryCompileExec2244053665.dir/CheckIncludeFile.c.o
/usr/bin/cc   -fsigned-char -W -Wall -Werror=return-type -Werror=non-virtual-dtor -Werror=address -Werror=sequence-point -Wformat -Werror=format-security -Wmissing-declarations -Wmissing-prototypes -Wstrict-prototypes -Wundef -Winit-self -Wpointer-arith -Wshadow -Wno-narrowing -fdiagnostics-show-option -Wno-long-long -pthread -fomit-frame-pointer -msse -msse2 -msse3 -ffunction-sections -fvisibility=hidden   -O3 -DNDEBUG   -o CMakeFiles/cmTryCompileExec2244053665.dir/CheckIncludeFile.c.o   -c /home/aaron/cellmate/ocv_binaries/CMakeFiles/CMakeTmp/CheckIncludeFile.c
/home/aaron/cellmate/ocv_binaries/CMakeFiles/CMakeTmp/CheckIncludeFile.c:1:34: fatal error: libavformat/avformat.h: No such file or directory
 #include <libavformat/avformat.h>
                                  ^
compilation terminated.
make[1]: *** [CMakeFiles/cmTryCompileExec2244053665.dir/CheckIncludeFile.c.o] Error 1
make[1]: Leaving directory `/home/aaron/cellmate/ocv_binaries/CMakeFiles/CMakeTmp'
make: *** [cmTryCompileExec2244053665/fast] Error 2


Determining if the include file ffmpeg/avformat.h exists failed with the following output:
Change Dir: /home/aaron/cellmate/ocv_binaries/CMakeFiles/CMakeTmp

Run Build Command:/usr/bin/make "cmTryCompileExec1541953588/fast"
/usr/bin/make -f CMakeFiles/cmTryCompileExec1541953588.dir/build.make CMakeFiles/cmTryCompileExec1541953588.dir/build
make[1]: Entering directory `/home/aaron/cellmate/ocv_binaries/CMakeFiles/CMakeTmp'
/usr/bin/cmake -E cmake_progress_report /home/aaron/cellmate/ocv_binaries/CMakeFiles/CMakeTmp/CMakeFiles 1
Building C object CMakeFiles/cmTryCompileExec1541953588.dir/CheckIncludeFile.c.o
/usr/bin/cc   -fsigned-char -W -Wall -Werror=return-type -Werror=non-virtual-dtor -Werror=address -Werror=sequence-point -Wformat -Werror=format-security -Wmissing-declarations -Wmissing-prototypes -Wstrict-prototypes -Wundef -Winit-self -Wpointer-arith -Wshadow -Wno-narrowing -fdiagnostics-show-option -Wno-long-long -pthread -fomit-frame-pointer -msse -msse2 -msse3 -ffunction-sections -fvisibility=hidden   -O3 -DNDEBUG   -o CMakeFiles/cmTryCompileExec1541953588.dir/CheckIncludeFile.c.o   -c /home/aaron/cellmate/ocv_binaries/CMakeFiles/CMakeTmp/CheckIncludeFile.c
/home/aaron/cellmate/ocv_binaries/CMakeFiles/CMakeTmp/CheckIncludeFile.c:1:29: fatal error: ffmpeg/avformat.h: No such file or directory
 #include <ffmpeg/avformat.h>
                             ^
compilation terminated.
make[1]: *** [CMakeFiles/cmTryCompileExec1541953588.dir/CheckIncludeFile.c.o] Error 1
make[1]: Leaving directory `/home/aaron/cellmate/ocv_binaries/CMakeFiles/CMakeTmp'
make: *** [cmTryCompileExec1541953588/fast] Error 2


